0 info it worked if it ends with ok
1 verbose cli [ '/usr/bin/node', '/usr/bin/npm', 'run', 'local' ]
2 info using npm@3.5.2
3 info using node@v8.10.0
4 verbose run-script [ 'prelocal', 'local', 'postlocal' ]
5 info lifecycle tweeter@1.0.0~prelocal: tweeter@1.0.0
6 silly lifecycle tweeter@1.0.0~prelocal: no script for prelocal, continuing
7 info lifecycle tweeter@1.0.0~local: tweeter@1.0.0
8 verbose lifecycle tweeter@1.0.0~local: unsafe-perm in lifecycle true
9 verbose lifecycle tweeter@1.0.0~local: PATH: /usr/share/npm/bin/node-gyp-bin:/home/lukas/lighthouse/Week 3/Jeffr/node_modules/.bin:/usr/local/sbin:/usr/local/bin:/usr/sbin:/usr/bin:/sbin:/bin:/usr/games:/usr/local/games:/snap/bin
10 verbose lifecycle tweeter@1.0.0~local: CWD: /home/lukas/lighthouse/Week 3/Jeffr
11 silly lifecycle tweeter@1.0.0~local: Args: [ '-c', 'nodemon --watch server -e js server/index.js' ]
12 silly lifecycle tweeter@1.0.0~local: Returned: code: 1  signal: null
13 info lifecycle tweeter@1.0.0~local: Failed to exec local script
14 verbose stack Error: tweeter@1.0.0 local: `nodemon --watch server -e js server/index.js`
14 verbose stack Exit status 1
14 verbose stack     at EventEmitter.<anonymous> (/usr/share/npm/lib/utils/lifecycle.js:232:16)
14 verbose stack     at emitTwo (events.js:126:13)
14 verbose stack     at EventEmitter.emit (events.js:214:7)
14 verbose stack     at ChildProcess.<anonymous> (/usr/share/npm/lib/utils/spawn.js:24:14)
14 verbose stack     at emitTwo (events.js:126:13)
14 verbose stack     at ChildProcess.emit (events.js:214:7)
14 verbose stack     at maybeClose (internal/child_process.js:925:16)
14 verbose stack     at Process.ChildProcess._handle.onexit (internal/child_process.js:209:5)
15 verbose pkgid tweeter@1.0.0
16 verbose cwd /home/lukas/lighthouse/Week 3/Jeffr
17 error Linux 4.15.0-51-generic
18 error argv "/usr/bin/node" "/usr/bin/npm" "run" "local"
19 error node v8.10.0
20 error npm  v3.5.2
21 error code ELIFECYCLE
22 error tweeter@1.0.0 local: `nodemon --watch server -e js server/index.js`
22 error Exit status 1
23 error Failed at the tweeter@1.0.0 local script 'nodemon --watch server -e js server/index.js'.
23 error Make sure you have the latest version of node.js and npm installed.
23 error If you do, this is most likely a problem with the tweeter package,
23 error not with npm itself.
23 error Tell the author that this fails on your system:
23 error     nodemon --watch server -e js server/index.js
23 error You can get information on how to open an issue for this project with:
23 error     npm bugs tweeter
23 error Or if that isn't available, you can get their info via:
23 error     npm owner ls tweeter
23 error There is likely additional logging output above.
24 verbose exit [ 1, true ]
